{"E:\\courses_planning\\courses_planning\\app.js": {"path":"E:\\courses_planning\\courses_planning\\app.js","statementMap":{"0":{"start":{"line":1,"column":16},"end":{"line":1,"column":34}},"1":{"start":{"line":2,"column":20},"end":{"line":2,"column":42}},"2":{"start":{"line":3,"column":13},"end":{"line":3,"column":28}},"3":{"start":{"line":4,"column":13},"end":{"line":4,"column":17}},"4":{"start":{"line":5,"column":17},"end":{"line":5,"column":39}},"5":{"start":{"line":6,"column":9},"end":{"line":6,"column":22}},"6":{"start":{"line":7,"column":12},"end":{"line":7,"column":21}},"7":{"start":{"line":8,"column":13},"end":{"line":8,"column":28}},"8":{"start":{"line":9,"column":17},"end":{"line":9,"column":36}},"9":{"start":{"line":12,"column":0},"end":{"line":12,"column":29}},"10":{"start":{"line":14,"column":15},"end":{"line":14,"column":41}},"11":{"start":{"line":15,"column":15},"end":{"line":15,"column":44}},"12":{"start":{"line":16,"column":15},"end":{"line":16,"column":32}},"13":{"start":{"line":19,"column":0},"end":{"line":19,"column":51}},"14":{"start":{"line":20,"column":0},"end":{"line":20,"column":24}},"15":{"start":{"line":21,"column":0},"end":{"line":21,"column":49}},"16":{"start":{"line":24,"column":0},"end":{"line":24,"column":27}},"17":{"start":{"line":25,"column":0},"end":{"line":25,"column":16}},"18":{"start":{"line":26,"column":0},"end":{"line":26,"column":31}},"19":{"start":{"line":27,"column":0},"end":{"line":27,"column":23}},"20":{"start":{"line":28,"column":0},"end":{"line":28,"column":24}},"21":{"start":{"line":30,"column":15},"end":{"line":30,"column":37}},"22":{"start":{"line":32,"column":0},"end":{"line":34,"column":3}},"23":{"start":{"line":33,"column":2},"end":{"line":33,"column":42}},"24":{"start":{"line":36,"column":0},"end":{"line":36,"column":21}}},"fnMap":{"0":{"name":"(anonymous_0)","decl":{"start":{"line":32,"column":20},"end":{"line":32,"column":21}},"loc":{"start":{"line":32,"column":32},"end":{"line":34,"column":1}},"line":32}},"branchMap":{},"s":{"0":2,"1":2,"2":2,"3":2,"4":2,"5":2,"6":2,"7":2,"8":2,"9":2,"10":2,"11":2,"12":2,"13":2,"14":2,"15":2,"16":2,"17":2,"18":2,"19":2,"20":2,"21":2,"22":2,"23":1,"24":2},"f":{"0":1},"b":{},"_coverageSchema":"1a1c01bbd47fc00a2c39e90264f33305004495a9","hash":"07e5472713cb8b92416908b029d8bec21ed96ef8"}
,"E:\\courses_planning\\courses_planning\\database.js": {"path":"E:\\courses_planning\\courses_planning\\database.js","statementMap":{"0":{"start":{"line":1,"column":17},"end":{"line":1,"column":36}},"1":{"start":{"line":2,"column":15},"end":{"line":2,"column":59}},"2":{"start":{"line":4,"column":2},"end":{"line":7,"column":5}},"3":{"start":{"line":11,"column":2},"end":{"line":11,"column":36}},"4":{"start":{"line":14,"column":0},"end":{"line":14,"column":53}}},"fnMap":{"0":{"name":"connectToDatabase","decl":{"start":{"line":3,"column":15},"end":{"line":3,"column":32}},"loc":{"start":{"line":3,"column":35},"end":{"line":8,"column":1}},"line":3},"1":{"name":"closeDatabase","decl":{"start":{"line":10,"column":15},"end":{"line":10,"column":28}},"loc":{"start":{"line":10,"column":31},"end":{"line":12,"column":1}},"line":10}},"branchMap":{},"s":{"0":2,"1":2,"2":2,"3":2,"4":2},"f":{"0":2,"1":2},"b":{},"_coverageSchema":"1a1c01bbd47fc00a2c39e90264f33305004495a9","hash":"203f33a0e1a78dce1ced4bda5f6485460934fe09"}
,"E:\\courses_planning\\courses_planning\\config\\config.js": {"path":"E:\\courses_planning\\courses_planning\\config\\config.js","statementMap":{"0":{"start":{"line":1,"column":0},"end":{"line":1,"column":27}},"1":{"start":{"line":3,"column":13},"end":{"line":3,"column":15}},"2":{"start":{"line":4,"column":0},"end":{"line":4,"column":44}},"3":{"start":{"line":5,"column":0},"end":{"line":5,"column":28}},"4":{"start":{"line":6,"column":0},"end":{"line":6,"column":24}}},"fnMap":{},"branchMap":{},"s":{"0":2,"1":2,"2":2,"3":2,"4":2},"f":{},"b":{},"_coverageSchema":"1a1c01bbd47fc00a2c39e90264f33305004495a9","hash":"e900c7c3efe3e42254cc6cd9c811fefbe34132ae"}
,"E:\\courses_planning\\courses_planning\\src\\controllers\\company.controllers.js": {"path":"E:\\courses_planning\\courses_planning\\src\\controllers\\company.controllers.js","statementMap":{"0":{"start":{"line":1,"column":42},"end":{"line":1,"column":70}},"1":{"start":{"line":2,"column":20},"end":{"line":2,"column":55}},"2":{"start":{"line":3,"column":19},"end":{"line":3,"column":41}},"3":{"start":{"line":4,"column":34},"end":{"line":4,"column":53}},"4":{"start":{"line":5,"column":17},"end":{"line":5,"column":45}},"5":{"start":{"line":6,"column":14},"end":{"line":6,"column":30}},"6":{"start":{"line":9,"column":0},"end":{"line":104,"column":1}},"7":{"start":{"line":23,"column":12},"end":{"line":23,"column":20}},"8":{"start":{"line":26,"column":4},"end":{"line":28,"column":5}},"9":{"start":{"line":27,"column":8},"end":{"line":27,"column":97}},"10":{"start":{"line":30,"column":4},"end":{"line":32,"column":5}},"11":{"start":{"line":31,"column":8},"end":{"line":31,"column":98}},"12":{"start":{"line":34,"column":4},"end":{"line":36,"column":5}},"13":{"start":{"line":35,"column":8},"end":{"line":35,"column":98}},"14":{"start":{"line":38,"column":4},"end":{"line":40,"column":5}},"15":{"start":{"line":39,"column":8},"end":{"line":39,"column":93}},"16":{"start":{"line":42,"column":4},"end":{"line":44,"column":5}},"17":{"start":{"line":43,"column":8},"end":{"line":43,"column":90}},"18":{"start":{"line":46,"column":4},"end":{"line":48,"column":5}},"19":{"start":{"line":47,"column":8},"end":{"line":47,"column":91}},"20":{"start":{"line":50,"column":5},"end":{"line":52,"column":5}},"21":{"start":{"line":51,"column":8},"end":{"line":51,"column":90}},"22":{"start":{"line":54,"column":4},"end":{"line":56,"column":5}},"23":{"start":{"line":55,"column":8},"end":{"line":55,"column":93}},"24":{"start":{"line":58,"column":4},"end":{"line":60,"column":5}},"25":{"start":{"line":59,"column":8},"end":{"line":59,"column":98}},"26":{"start":{"line":62,"column":4},"end":{"line":64,"column":5}},"27":{"start":{"line":63,"column":8},"end":{"line":63,"column":94}},"28":{"start":{"line":66,"column":4},"end":{"line":68,"column":5}},"29":{"start":{"line":67,"column":8},"end":{"line":67,"column":93}},"30":{"start":{"line":71,"column":23},"end":{"line":84,"column":6}},"31":{"start":{"line":88,"column":4},"end":{"line":88,"column":53}},"32":{"start":{"line":91,"column":4},"end":{"line":93,"column":5}},"33":{"start":{"line":92,"column":8},"end":{"line":92,"column":86}},"34":{"start":{"line":96,"column":4},"end":{"line":98,"column":5}},"35":{"start":{"line":97,"column":8},"end":{"line":97,"column":96}},"36":{"start":{"line":100,"column":4},"end":{"line":102,"column":5}},"37":{"start":{"line":101,"column":8},"end":{"line":101,"column":101}},"38":{"start":{"line":107,"column":0},"end":{"line":135,"column":1}},"39":{"start":{"line":108,"column":4},"end":{"line":108,"column":28}},"40":{"start":{"line":110,"column":22},"end":{"line":110,"column":35}},"41":{"start":{"line":114,"column":4},"end":{"line":116,"column":5}},"42":{"start":{"line":115,"column":8},"end":{"line":115,"column":89}},"43":{"start":{"line":122,"column":4},"end":{"line":122,"column":89}},"44":{"start":{"line":124,"column":4},"end":{"line":126,"column":5}},"45":{"start":{"line":125,"column":8},"end":{"line":125,"column":62}},"46":{"start":{"line":128,"column":4},"end":{"line":130,"column":5}},"47":{"start":{"line":129,"column":8},"end":{"line":129,"column":83}},"48":{"start":{"line":132,"column":4},"end":{"line":134,"column":5}},"49":{"start":{"line":133,"column":8},"end":{"line":133,"column":104}},"50":{"start":{"line":138,"column":0},"end":{"line":181,"column":1}},"51":{"start":{"line":144,"column":4},"end":{"line":145,"column":66}},"52":{"start":{"line":147,"column":4},"end":{"line":149,"column":5}},"53":{"start":{"line":148,"column":8},"end":{"line":148,"column":62}},"54":{"start":{"line":152,"column":4},"end":{"line":161,"column":11}},"55":{"start":{"line":154,"column":12},"end":{"line":154,"column":57}},"56":{"start":{"line":157,"column":12},"end":{"line":157,"column":31}},"57":{"start":{"line":160,"column":12},"end":{"line":160,"column":35}},"58":{"start":{"line":164,"column":19},"end":{"line":167,"column":6}},"59":{"start":{"line":168,"column":4},"end":{"line":168,"column":26}},"60":{"start":{"line":170,"column":4},"end":{"line":170,"column":48}},"61":{"start":{"line":173,"column":4},"end":{"line":175,"column":5}},"62":{"start":{"line":174,"column":8},"end":{"line":174,"column":83}},"63":{"start":{"line":177,"column":4},"end":{"line":179,"column":5}},"64":{"start":{"line":178,"column":8},"end":{"line":178,"column":101}},"65":{"start":{"line":184,"column":0},"end":{"line":221,"column":1}},"66":{"start":{"line":185,"column":22},"end":{"line":185,"column":35}},"67":{"start":{"line":187,"column":17},"end":{"line":187,"column":25}},"68":{"start":{"line":191,"column":4},"end":{"line":193,"column":5}},"69":{"start":{"line":192,"column":8},"end":{"line":192,"column":89}},"70":{"start":{"line":195,"column":4},"end":{"line":197,"column":5}},"71":{"start":{"line":196,"column":8},"end":{"line":196,"column":96}},"72":{"start":{"line":202,"column":4},"end":{"line":202,"column":90}},"73":{"start":{"line":204,"column":4},"end":{"line":206,"column":5}},"74":{"start":{"line":205,"column":8},"end":{"line":205,"column":62}},"75":{"start":{"line":208,"column":4},"end":{"line":210,"column":5}},"76":{"start":{"line":209,"column":8},"end":{"line":209,"column":94}},"77":{"start":{"line":212,"column":4},"end":{"line":212,"column":97}},"78":{"start":{"line":213,"column":4},"end":{"line":213,"column":31}},"79":{"start":{"line":214,"column":4},"end":{"line":216,"column":5}},"80":{"start":{"line":215,"column":8},"end":{"line":215,"column":111}},"81":{"start":{"line":218,"column":4},"end":{"line":220,"column":5}},"82":{"start":{"line":219,"column":8},"end":{"line":219,"column":83}},"83":{"start":{"line":225,"column":0},"end":{"line":263,"column":1}},"84":{"start":{"line":227,"column":22},"end":{"line":227,"column":35}},"85":{"start":{"line":233,"column":4},"end":{"line":235,"column":5}},"86":{"start":{"line":234,"column":8},"end":{"line":234,"column":89}},"87":{"start":{"line":238,"column":4},"end":{"line":238,"column":90}},"88":{"start":{"line":240,"column":4},"end":{"line":242,"column":5}},"89":{"start":{"line":241,"column":8},"end":{"line":241,"column":62}},"90":{"start":{"line":244,"column":4},"end":{"line":246,"column":5}},"91":{"start":{"line":245,"column":8},"end":{"line":245,"column":94}},"92":{"start":{"line":249,"column":4},"end":{"line":249,"column":89}},"93":{"start":{"line":250,"column":4},"end":{"line":252,"column":5}},"94":{"start":{"line":251,"column":8},"end":{"line":251,"column":62}},"95":{"start":{"line":254,"column":4},"end":{"line":254,"column":31}},"96":{"start":{"line":255,"column":4},"end":{"line":257,"column":5}},"97":{"start":{"line":256,"column":8},"end":{"line":256,"column":115}},"98":{"start":{"line":259,"column":4},"end":{"line":261,"column":5}},"99":{"start":{"line":260,"column":8},"end":{"line":260,"column":83}}},"fnMap":{"0":{"name":"(anonymous_0)","decl":{"start":{"line":9,"column":31},"end":{"line":9,"column":32}},"loc":{"start":{"line":9,"column":51},"end":{"line":104,"column":1}},"line":9},"1":{"name":"(anonymous_1)","decl":{"start":{"line":107,"column":32},"end":{"line":107,"column":33}},"loc":{"start":{"line":107,"column":52},"end":{"line":135,"column":1}},"line":107},"2":{"name":"(anonymous_2)","decl":{"start":{"line":138,"column":31},"end":{"line":138,"column":32}},"loc":{"start":{"line":138,"column":51},"end":{"line":181,"column":1}},"line":138},"3":{"name":"(anonymous_3)","decl":{"start":{"line":153,"column":14},"end":{"line":153,"column":15}},"loc":{"start":{"line":153,"column":34},"end":{"line":155,"column":9}},"line":153},"4":{"name":"(anonymous_4)","decl":{"start":{"line":156,"column":15},"end":{"line":156,"column":16}},"loc":{"start":{"line":156,"column":32},"end":{"line":158,"column":9}},"line":156},"5":{"name":"(anonymous_5)","decl":{"start":{"line":159,"column":17},"end":{"line":159,"column":18}},"loc":{"start":{"line":159,"column":29},"end":{"line":161,"column":9}},"line":159},"6":{"name":"(anonymous_6)","decl":{"start":{"line":184,"column":31},"end":{"line":184,"column":32}},"loc":{"start":{"line":184,"column":51},"end":{"line":221,"column":1}},"line":184},"7":{"name":"(anonymous_7)","decl":{"start":{"line":225,"column":31},"end":{"line":225,"column":32}},"loc":{"start":{"line":225,"column":51},"end":{"line":263,"column":1}},"line":225}},"branchMap":{"0":{"loc":{"start":{"line":26,"column":4},"end":{"line":28,"column":5}},"type":"if","locations":[{"start":{"line":26,"column":4},"end":{"line":28,"column":5}},{"start":{},"end":{}}],"line":26},"1":{"loc":{"start":{"line":30,"column":4},"end":{"line":32,"column":5}},"type":"if","locations":[{"start":{"line":30,"column":4},"end":{"line":32,"column":5}},{"start":{},"end":{}}],"line":30},"2":{"loc":{"start":{"line":34,"column":4},"end":{"line":36,"column":5}},"type":"if","locations":[{"start":{"line":34,"column":4},"end":{"line":36,"column":5}},{"start":{},"end":{}}],"line":34},"3":{"loc":{"start":{"line":38,"column":4},"end":{"line":40,"column":5}},"type":"if","locations":[{"start":{"line":38,"column":4},"end":{"line":40,"column":5}},{"start":{},"end":{}}],"line":38},"4":{"loc":{"start":{"line":42,"column":4},"end":{"line":44,"column":5}},"type":"if","locations":[{"start":{"line":42,"column":4},"end":{"line":44,"column":5}},{"start":{},"end":{}}],"line":42},"5":{"loc":{"start":{"line":46,"column":4},"end":{"line":48,"column":5}},"type":"if","locations":[{"start":{"line":46,"column":4},"end":{"line":48,"column":5}},{"start":{},"end":{}}],"line":46},"6":{"loc":{"start":{"line":50,"column":5},"end":{"line":52,"column":5}},"type":"if","locations":[{"start":{"line":50,"column":5},"end":{"line":52,"column":5}},{"start":{},"end":{}}],"line":50},"7":{"loc":{"start":{"line":54,"column":4},"end":{"line":56,"column":5}},"type":"if","locations":[{"start":{"line":54,"column":4},"end":{"line":56,"column":5}},{"start":{},"end":{}}],"line":54},"8":{"loc":{"start":{"line":58,"column":4},"end":{"line":60,"column":5}},"type":"if","locations":[{"start":{"line":58,"column":4},"end":{"line":60,"column":5}},{"start":{},"end":{}}],"line":58},"9":{"loc":{"start":{"line":62,"column":4},"end":{"line":64,"column":5}},"type":"if","locations":[{"start":{"line":62,"column":4},"end":{"line":64,"column":5}},{"start":{},"end":{}}],"line":62},"10":{"loc":{"start":{"line":66,"column":4},"end":{"line":68,"column":5}},"type":"if","locations":[{"start":{"line":66,"column":4},"end":{"line":68,"column":5}},{"start":{},"end":{}}],"line":66},"11":{"loc":{"start":{"line":91,"column":4},"end":{"line":93,"column":5}},"type":"if","locations":[{"start":{"line":91,"column":4},"end":{"line":93,"column":5}},{"start":{},"end":{}}],"line":91},"12":{"loc":{"start":{"line":96,"column":4},"end":{"line":98,"column":5}},"type":"if","locations":[{"start":{"line":96,"column":4},"end":{"line":98,"column":5}},{"start":{},"end":{}}],"line":96},"13":{"loc":{"start":{"line":100,"column":4},"end":{"line":102,"column":5}},"type":"if","locations":[{"start":{"line":100,"column":4},"end":{"line":102,"column":5}},{"start":{},"end":{}}],"line":100},"14":{"loc":{"start":{"line":114,"column":4},"end":{"line":116,"column":5}},"type":"if","locations":[{"start":{"line":114,"column":4},"end":{"line":116,"column":5}},{"start":{},"end":{}}],"line":114},"15":{"loc":{"start":{"line":124,"column":4},"end":{"line":126,"column":5}},"type":"if","locations":[{"start":{"line":124,"column":4},"end":{"line":126,"column":5}},{"start":{},"end":{}}],"line":124},"16":{"loc":{"start":{"line":128,"column":4},"end":{"line":130,"column":5}},"type":"if","locations":[{"start":{"line":128,"column":4},"end":{"line":130,"column":5}},{"start":{},"end":{}}],"line":128},"17":{"loc":{"start":{"line":132,"column":4},"end":{"line":134,"column":5}},"type":"if","locations":[{"start":{"line":132,"column":4},"end":{"line":134,"column":5}},{"start":{},"end":{}}],"line":132},"18":{"loc":{"start":{"line":147,"column":4},"end":{"line":149,"column":5}},"type":"if","locations":[{"start":{"line":147,"column":4},"end":{"line":149,"column":5}},{"start":{},"end":{}}],"line":147},"19":{"loc":{"start":{"line":173,"column":4},"end":{"line":175,"column":5}},"type":"if","locations":[{"start":{"line":173,"column":4},"end":{"line":175,"column":5}},{"start":{},"end":{}}],"line":173},"20":{"loc":{"start":{"line":177,"column":4},"end":{"line":179,"column":5}},"type":"if","locations":[{"start":{"line":177,"column":4},"end":{"line":179,"column":5}},{"start":{},"end":{}}],"line":177},"21":{"loc":{"start":{"line":191,"column":4},"end":{"line":193,"column":5}},"type":"if","locations":[{"start":{"line":191,"column":4},"end":{"line":193,"column":5}},{"start":{},"end":{}}],"line":191},"22":{"loc":{"start":{"line":195,"column":4},"end":{"line":197,"column":5}},"type":"if","locations":[{"start":{"line":195,"column":4},"end":{"line":197,"column":5}},{"start":{},"end":{}}],"line":195},"23":{"loc":{"start":{"line":204,"column":4},"end":{"line":206,"column":5}},"type":"if","locations":[{"start":{"line":204,"column":4},"end":{"line":206,"column":5}},{"start":{},"end":{}}],"line":204},"24":{"loc":{"start":{"line":208,"column":4},"end":{"line":210,"column":5}},"type":"if","locations":[{"start":{"line":208,"column":4},"end":{"line":210,"column":5}},{"start":{},"end":{}}],"line":208},"25":{"loc":{"start":{"line":214,"column":4},"end":{"line":216,"column":5}},"type":"if","locations":[{"start":{"line":214,"column":4},"end":{"line":216,"column":5}},{"start":{},"end":{}}],"line":214},"26":{"loc":{"start":{"line":218,"column":4},"end":{"line":220,"column":5}},"type":"if","locations":[{"start":{"line":218,"column":4},"end":{"line":220,"column":5}},{"start":{},"end":{}}],"line":218},"27":{"loc":{"start":{"line":233,"column":4},"end":{"line":235,"column":5}},"type":"if","locations":[{"start":{"line":233,"column":4},"end":{"line":235,"column":5}},{"start":{},"end":{}}],"line":233},"28":{"loc":{"start":{"line":240,"column":4},"end":{"line":242,"column":5}},"type":"if","locations":[{"start":{"line":240,"column":4},"end":{"line":242,"column":5}},{"start":{},"end":{}}],"line":240},"29":{"loc":{"start":{"line":244,"column":4},"end":{"line":246,"column":5}},"type":"if","locations":[{"start":{"line":244,"column":4},"end":{"line":246,"column":5}},{"start":{},"end":{}}],"line":244},"30":{"loc":{"start":{"line":250,"column":4},"end":{"line":252,"column":5}},"type":"if","locations":[{"start":{"line":250,"column":4},"end":{"line":252,"column":5}},{"start":{},"end":{}}],"line":250},"31":{"loc":{"start":{"line":255,"column":4},"end":{"line":257,"column":5}},"type":"if","locations":[{"start":{"line":255,"column":4},"end":{"line":257,"column":5}},{"start":{},"end":{}}],"line":255},"32":{"loc":{"start":{"line":259,"column":4},"end":{"line":261,"column":5}},"type":"if","locations":[{"start":{"line":259,"column":4},"end":{"line":261,"column":5}},{"start":{},"end":{}}],"line":259}},"s":{"0":2,"1":2,"2":2,"3":2,"4":2,"5":2,"6":2,"7":12,"8":12,"9":2,"10":10,"11":1,"12":9,"13":1,"14":8,"15":1,"16":7,"17":1,"18":6,"19":1,"20":5,"21":1,"22":4,"23":1,"24":3,"25":1,"26":2,"27":1,"28":1,"29":1,"30":0,"31":0,"32":0,"33":0,"34":0,"35":0,"36":0,"37":0,"38":2,"39":0,"40":0,"41":0,"42":0,"43":0,"44":0,"45":0,"46":0,"47":0,"48":0,"49":0,"50":2,"51":0,"52":0,"53":0,"54":0,"55":0,"56":0,"57":0,"58":0,"59":0,"60":0,"61":0,"62":0,"63":0,"64":0,"65":2,"66":0,"67":0,"68":0,"69":0,"70":0,"71":0,"72":0,"73":0,"74":0,"75":0,"76":0,"77":0,"78":0,"79":0,"80":0,"81":0,"82":0,"83":2,"84":0,"85":0,"86":0,"87":0,"88":0,"89":0,"90":0,"91":0,"92":0,"93":0,"94":0,"95":0,"96":0,"97":0,"98":0,"99":0},"f":{"0":12,"1":0,"2":0,"3":0,"4":0,"5":0,"6":0,"7":0},"b":{"0":[2,10],"1":[1,9],"2":[1,8],"3":[1,7],"4":[1,6],"5":[1,5],"6":[1,4],"7":[1,3],"8":[1,2],"9":[1,1],"10":[1,0],"11":[0,0],"12":[0,0],"13":[0,0],"14":[0,0],"15":[0,0],"16":[0,0],"17":[0,0],"18":[0,0],"19":[0,0],"20":[0,0],"21":[0,0],"22":[0,0],"23":[0,0],"24":[0,0],"25":[0,0],"26":[0,0],"27":[0,0],"28":[0,0],"29":[0,0],"30":[0,0],"31":[0,0],"32":[0,0]},"_coverageSchema":"1a1c01bbd47fc00a2c39e90264f33305004495a9","hash":"e02f15026bdfcc4532a2d680339457bbca9aafec"}
,"E:\\courses_planning\\courses_planning\\src\\controllers\\course.controllers.js": {"path":"E:\\courses_planning\\courses_planning\\src\\controllers\\course.controllers.js","statementMap":{"0":{"start":{"line":1,"column":40},"end":{"line":1,"column":68}},"1":{"start":{"line":2,"column":19},"end":{"line":2,"column":41}},"2":{"start":{"line":3,"column":21},"end":{"line":3,"column":56}},"3":{"start":{"line":4,"column":33},"end":{"line":4,"column":52}},"4":{"start":{"line":5,"column":15},"end":{"line":5,"column":50}},"5":{"start":{"line":6,"column":0},"end":{"line":39,"column":1}},"6":{"start":{"line":7,"column":48},"end":{"line":7,"column":56}},"7":{"start":{"line":8,"column":22},"end":{"line":8,"column":41}},"8":{"start":{"line":11,"column":22},"end":{"line":18,"column":6}},"9":{"start":{"line":20,"column":4},"end":{"line":20,"column":27}},"10":{"start":{"line":24,"column":4},"end":{"line":24,"column":50}},"11":{"start":{"line":27,"column":4},"end":{"line":29,"column":5}},"12":{"start":{"line":28,"column":8},"end":{"line":28,"column":82}},"13":{"start":{"line":31,"column":4},"end":{"line":33,"column":5}},"14":{"start":{"line":32,"column":8},"end":{"line":32,"column":92}},"15":{"start":{"line":35,"column":4},"end":{"line":37,"column":5}},"16":{"start":{"line":36,"column":8},"end":{"line":36,"column":101}},"17":{"start":{"line":44,"column":0},"end":{"line":72,"column":1}},"18":{"start":{"line":45,"column":4},"end":{"line":45,"column":28}},"19":{"start":{"line":47,"column":21},"end":{"line":47,"column":34}},"20":{"start":{"line":51,"column":4},"end":{"line":53,"column":5}},"21":{"start":{"line":52,"column":8},"end":{"line":52,"column":88}},"22":{"start":{"line":58,"column":4},"end":{"line":58,"column":86}},"23":{"start":{"line":60,"column":4},"end":{"line":62,"column":5}},"24":{"start":{"line":61,"column":8},"end":{"line":61,"column":62}},"25":{"start":{"line":65,"column":4},"end":{"line":67,"column":5}},"26":{"start":{"line":66,"column":8},"end":{"line":66,"column":82}},"27":{"start":{"line":69,"column":4},"end":{"line":71,"column":5}},"28":{"start":{"line":70,"column":8},"end":{"line":70,"column":101}},"29":{"start":{"line":75,"column":0},"end":{"line":94,"column":1}},"30":{"start":{"line":81,"column":4},"end":{"line":81,"column":69}},"31":{"start":{"line":83,"column":4},"end":{"line":85,"column":5}},"32":{"start":{"line":84,"column":8},"end":{"line":84,"column":62}},"33":{"start":{"line":87,"column":4},"end":{"line":89,"column":5}},"34":{"start":{"line":88,"column":8},"end":{"line":88,"column":82}},"35":{"start":{"line":91,"column":4},"end":{"line":93,"column":5}},"36":{"start":{"line":92,"column":8},"end":{"line":92,"column":98}},"37":{"start":{"line":98,"column":0},"end":{"line":135,"column":5}},"38":{"start":{"line":99,"column":25},"end":{"line":99,"column":38}},"39":{"start":{"line":101,"column":17},"end":{"line":101,"column":25}},"40":{"start":{"line":105,"column":4},"end":{"line":107,"column":5}},"41":{"start":{"line":106,"column":8},"end":{"line":106,"column":88}},"42":{"start":{"line":109,"column":4},"end":{"line":111,"column":5}},"43":{"start":{"line":110,"column":8},"end":{"line":110,"column":95}},"44":{"start":{"line":116,"column":4},"end":{"line":116,"column":87}},"45":{"start":{"line":118,"column":4},"end":{"line":120,"column":5}},"46":{"start":{"line":119,"column":8},"end":{"line":119,"column":62}},"47":{"start":{"line":122,"column":4},"end":{"line":124,"column":5}},"48":{"start":{"line":123,"column":8},"end":{"line":123,"column":93}},"49":{"start":{"line":126,"column":4},"end":{"line":126,"column":90}},"50":{"start":{"line":127,"column":4},"end":{"line":127,"column":30}},"51":{"start":{"line":128,"column":8},"end":{"line":130,"column":9}},"52":{"start":{"line":129,"column":12},"end":{"line":129,"column":113}},"53":{"start":{"line":132,"column":8},"end":{"line":134,"column":9}},"54":{"start":{"line":133,"column":12},"end":{"line":133,"column":85}},"55":{"start":{"line":139,"column":0},"end":{"line":177,"column":1}},"56":{"start":{"line":140,"column":21},"end":{"line":140,"column":34}},"57":{"start":{"line":147,"column":5},"end":{"line":149,"column":5}},"58":{"start":{"line":148,"column":8},"end":{"line":148,"column":88}},"59":{"start":{"line":152,"column":4},"end":{"line":152,"column":87}},"60":{"start":{"line":154,"column":4},"end":{"line":156,"column":5}},"61":{"start":{"line":155,"column":8},"end":{"line":155,"column":62}},"62":{"start":{"line":158,"column":4},"end":{"line":160,"column":5}},"63":{"start":{"line":159,"column":8},"end":{"line":159,"column":93}},"64":{"start":{"line":163,"column":4},"end":{"line":163,"column":83}},"65":{"start":{"line":164,"column":3},"end":{"line":166,"column":5}},"66":{"start":{"line":165,"column":8},"end":{"line":165,"column":62}},"67":{"start":{"line":168,"column":4},"end":{"line":168,"column":30}},"68":{"start":{"line":169,"column":4},"end":{"line":171,"column":5}},"69":{"start":{"line":170,"column":8},"end":{"line":170,"column":113}},"70":{"start":{"line":173,"column":4},"end":{"line":175,"column":5}},"71":{"start":{"line":174,"column":8},"end":{"line":174,"column":81}}},"fnMap":{"0":{"name":"(anonymous_0)","decl":{"start":{"line":6,"column":30},"end":{"line":6,"column":31}},"loc":{"start":{"line":6,"column":49},"end":{"line":39,"column":1}},"line":6},"1":{"name":"(anonymous_1)","decl":{"start":{"line":44,"column":31},"end":{"line":44,"column":32}},"loc":{"start":{"line":44,"column":51},"end":{"line":72,"column":1}},"line":44},"2":{"name":"(anonymous_2)","decl":{"start":{"line":75,"column":30},"end":{"line":75,"column":31}},"loc":{"start":{"line":75,"column":50},"end":{"line":94,"column":1}},"line":75},"3":{"name":"(anonymous_3)","decl":{"start":{"line":98,"column":30},"end":{"line":98,"column":31}},"loc":{"start":{"line":98,"column":50},"end":{"line":135,"column":5}},"line":98},"4":{"name":"(anonymous_4)","decl":{"start":{"line":139,"column":29},"end":{"line":139,"column":30}},"loc":{"start":{"line":139,"column":49},"end":{"line":177,"column":1}},"line":139}},"branchMap":{"0":{"loc":{"start":{"line":27,"column":4},"end":{"line":29,"column":5}},"type":"if","locations":[{"start":{"line":27,"column":4},"end":{"line":29,"column":5}},{"start":{},"end":{}}],"line":27},"1":{"loc":{"start":{"line":31,"column":4},"end":{"line":33,"column":5}},"type":"if","locations":[{"start":{"line":31,"column":4},"end":{"line":33,"column":5}},{"start":{},"end":{}}],"line":31},"2":{"loc":{"start":{"line":35,"column":4},"end":{"line":37,"column":5}},"type":"if","locations":[{"start":{"line":35,"column":4},"end":{"line":37,"column":5}},{"start":{},"end":{}}],"line":35},"3":{"loc":{"start":{"line":51,"column":4},"end":{"line":53,"column":5}},"type":"if","locations":[{"start":{"line":51,"column":4},"end":{"line":53,"column":5}},{"start":{},"end":{}}],"line":51},"4":{"loc":{"start":{"line":60,"column":4},"end":{"line":62,"column":5}},"type":"if","locations":[{"start":{"line":60,"column":4},"end":{"line":62,"column":5}},{"start":{},"end":{}}],"line":60},"5":{"loc":{"start":{"line":65,"column":4},"end":{"line":67,"column":5}},"type":"if","locations":[{"start":{"line":65,"column":4},"end":{"line":67,"column":5}},{"start":{},"end":{}}],"line":65},"6":{"loc":{"start":{"line":69,"column":4},"end":{"line":71,"column":5}},"type":"if","locations":[{"start":{"line":69,"column":4},"end":{"line":71,"column":5}},{"start":{},"end":{}}],"line":69},"7":{"loc":{"start":{"line":83,"column":4},"end":{"line":85,"column":5}},"type":"if","locations":[{"start":{"line":83,"column":4},"end":{"line":85,"column":5}},{"start":{},"end":{}}],"line":83},"8":{"loc":{"start":{"line":87,"column":4},"end":{"line":89,"column":5}},"type":"if","locations":[{"start":{"line":87,"column":4},"end":{"line":89,"column":5}},{"start":{},"end":{}}],"line":87},"9":{"loc":{"start":{"line":91,"column":4},"end":{"line":93,"column":5}},"type":"if","locations":[{"start":{"line":91,"column":4},"end":{"line":93,"column":5}},{"start":{},"end":{}}],"line":91},"10":{"loc":{"start":{"line":105,"column":4},"end":{"line":107,"column":5}},"type":"if","locations":[{"start":{"line":105,"column":4},"end":{"line":107,"column":5}},{"start":{},"end":{}}],"line":105},"11":{"loc":{"start":{"line":109,"column":4},"end":{"line":111,"column":5}},"type":"if","locations":[{"start":{"line":109,"column":4},"end":{"line":111,"column":5}},{"start":{},"end":{}}],"line":109},"12":{"loc":{"start":{"line":118,"column":4},"end":{"line":120,"column":5}},"type":"if","locations":[{"start":{"line":118,"column":4},"end":{"line":120,"column":5}},{"start":{},"end":{}}],"line":118},"13":{"loc":{"start":{"line":122,"column":4},"end":{"line":124,"column":5}},"type":"if","locations":[{"start":{"line":122,"column":4},"end":{"line":124,"column":5}},{"start":{},"end":{}}],"line":122},"14":{"loc":{"start":{"line":128,"column":8},"end":{"line":130,"column":9}},"type":"if","locations":[{"start":{"line":128,"column":8},"end":{"line":130,"column":9}},{"start":{},"end":{}}],"line":128},"15":{"loc":{"start":{"line":132,"column":8},"end":{"line":134,"column":9}},"type":"if","locations":[{"start":{"line":132,"column":8},"end":{"line":134,"column":9}},{"start":{},"end":{}}],"line":132},"16":{"loc":{"start":{"line":147,"column":5},"end":{"line":149,"column":5}},"type":"if","locations":[{"start":{"line":147,"column":5},"end":{"line":149,"column":5}},{"start":{},"end":{}}],"line":147},"17":{"loc":{"start":{"line":154,"column":4},"end":{"line":156,"column":5}},"type":"if","locations":[{"start":{"line":154,"column":4},"end":{"line":156,"column":5}},{"start":{},"end":{}}],"line":154},"18":{"loc":{"start":{"line":158,"column":4},"end":{"line":160,"column":5}},"type":"if","locations":[{"start":{"line":158,"column":4},"end":{"line":160,"column":5}},{"start":{},"end":{}}],"line":158},"19":{"loc":{"start":{"line":164,"column":3},"end":{"line":166,"column":5}},"type":"if","locations":[{"start":{"line":164,"column":3},"end":{"line":166,"column":5}},{"start":{},"end":{}}],"line":164},"20":{"loc":{"start":{"line":169,"column":4},"end":{"line":171,"column":5}},"type":"if","locations":[{"start":{"line":169,"column":4},"end":{"line":171,"column":5}},{"start":{},"end":{}}],"line":169},"21":{"loc":{"start":{"line":173,"column":4},"end":{"line":175,"column":5}},"type":"if","locations":[{"start":{"line":173,"column":4},"end":{"line":175,"column":5}},{"start":{},"end":{}}],"line":173}},"s":{"0":2,"1":2,"2":2,"3":2,"4":2,"5":2,"6":0,"7":0,"8":0,"9":0,"10":0,"11":0,"12":0,"13":0,"14":0,"15":0,"16":0,"17":2,"18":0,"19":0,"20":0,"21":0,"22":0,"23":0,"24":0,"25":0,"26":0,"27":0,"28":0,"29":2,"30":0,"31":0,"32":0,"33":0,"34":0,"35":0,"36":0,"37":2,"38":0,"39":0,"40":0,"41":0,"42":0,"43":0,"44":0,"45":0,"46":0,"47":0,"48":0,"49":0,"50":0,"51":0,"52":0,"53":0,"54":0,"55":2,"56":0,"57":0,"58":0,"59":0,"60":0,"61":0,"62":0,"63":0,"64":0,"65":0,"66":0,"67":0,"68":0,"69":0,"70":0,"71":0},"f":{"0":0,"1":0,"2":0,"3":0,"4":0},"b":{"0":[0,0],"1":[0,0],"2":[0,0],"3":[0,0],"4":[0,0],"5":[0,0],"6":[0,0],"7":[0,0],"8":[0,0],"9":[0,0],"10":[0,0],"11":[0,0],"12":[0,0],"13":[0,0],"14":[0,0],"15":[0,0],"16":[0,0],"17":[0,0],"18":[0,0],"19":[0,0],"20":[0,0],"21":[0,0]},"_coverageSchema":"1a1c01bbd47fc00a2c39e90264f33305004495a9","hash":"6f35f23004e9a9f00ae7ef43294e95564ff54bfa"}
,"E:\\courses_planning\\courses_planning\\src\\controllers\\user.controllers.js": {"path":"E:\\courses_planning\\courses_planning\\src\\controllers\\user.controllers.js","statementMap":{"0":{"start":{"line":1,"column":40},"end":{"line":1,"column":68}},"1":{"start":{"line":2,"column":16},"end":{"line":2,"column":48}},"2":{"start":{"line":3,"column":19},"end":{"line":3,"column":41}},"3":{"start":{"line":4,"column":51},"end":{"line":4,"column":70}},"4":{"start":{"line":7,"column":0},"end":{"line":81,"column":1}},"5":{"start":{"line":8,"column":82},"end":{"line":8,"column":90}},"6":{"start":{"line":11,"column":4},"end":{"line":13,"column":5}},"7":{"start":{"line":12,"column":8},"end":{"line":12,"column":87}},"8":{"start":{"line":15,"column":4},"end":{"line":17,"column":5}},"9":{"start":{"line":16,"column":8},"end":{"line":16,"column":91}},"10":{"start":{"line":19,"column":4},"end":{"line":21,"column":5}},"11":{"start":{"line":20,"column":8},"end":{"line":20,"column":88}},"12":{"start":{"line":24,"column":4},"end":{"line":26,"column":5}},"13":{"start":{"line":25,"column":8},"end":{"line":25,"column":95}},"14":{"start":{"line":28,"column":5},"end":{"line":30,"column":5}},"15":{"start":{"line":29,"column":8},"end":{"line":29,"column":91}},"16":{"start":{"line":32,"column":4},"end":{"line":34,"column":5}},"17":{"start":{"line":33,"column":8},"end":{"line":33,"column":89}},"18":{"start":{"line":36,"column":4},"end":{"line":38,"column":5}},"19":{"start":{"line":37,"column":8},"end":{"line":37,"column":88}},"20":{"start":{"line":42,"column":4},"end":{"line":45,"column":8}},"21":{"start":{"line":47,"column":4},"end":{"line":49,"column":5}},"22":{"start":{"line":48,"column":8},"end":{"line":48,"column":62}},"23":{"start":{"line":50,"column":4},"end":{"line":52,"column":5}},"24":{"start":{"line":51,"column":8},"end":{"line":51,"column":83}},"25":{"start":{"line":54,"column":20},"end":{"line":63,"column":6}},"26":{"start":{"line":66,"column":4},"end":{"line":66,"column":49}},"27":{"start":{"line":68,"column":4},"end":{"line":70,"column":5}},"28":{"start":{"line":69,"column":8},"end":{"line":69,"column":62}},"29":{"start":{"line":72,"column":4},"end":{"line":74,"column":5}},"30":{"start":{"line":73,"column":8},"end":{"line":73,"column":102}},"31":{"start":{"line":76,"column":4},"end":{"line":78,"column":5}},"32":{"start":{"line":77,"column":8},"end":{"line":77,"column":127}},"33":{"start":{"line":85,"column":0},"end":{"line":113,"column":1}},"34":{"start":{"line":88,"column":19},"end":{"line":88,"column":32}},"35":{"start":{"line":92,"column":4},"end":{"line":94,"column":7}},"36":{"start":{"line":93,"column":8},"end":{"line":93,"column":87}},"37":{"start":{"line":100,"column":4},"end":{"line":100,"column":79}},"38":{"start":{"line":102,"column":4},"end":{"line":104,"column":5}},"39":{"start":{"line":103,"column":8},"end":{"line":103,"column":62}},"40":{"start":{"line":106,"column":4},"end":{"line":108,"column":5}},"41":{"start":{"line":107,"column":8},"end":{"line":107,"column":81}},"42":{"start":{"line":110,"column":4},"end":{"line":112,"column":5}},"43":{"start":{"line":111,"column":8},"end":{"line":111,"column":126}},"44":{"start":{"line":117,"column":0},"end":{"line":138,"column":1}},"45":{"start":{"line":125,"column":4},"end":{"line":125,"column":65}},"46":{"start":{"line":127,"column":4},"end":{"line":129,"column":5}},"47":{"start":{"line":128,"column":8},"end":{"line":128,"column":62}},"48":{"start":{"line":131,"column":4},"end":{"line":133,"column":5}},"49":{"start":{"line":132,"column":8},"end":{"line":132,"column":81}},"50":{"start":{"line":135,"column":4},"end":{"line":137,"column":5}},"51":{"start":{"line":136,"column":8},"end":{"line":136,"column":122}},"52":{"start":{"line":142,"column":0},"end":{"line":181,"column":1}},"53":{"start":{"line":143,"column":19},"end":{"line":143,"column":32}},"54":{"start":{"line":144,"column":5},"end":{"line":144,"column":53}},"55":{"start":{"line":145,"column":18},"end":{"line":145,"column":26}},"56":{"start":{"line":147,"column":4},"end":{"line":149,"column":5}},"57":{"start":{"line":148,"column":8},"end":{"line":148,"column":86}},"58":{"start":{"line":151,"column":4},"end":{"line":153,"column":5}},"59":{"start":{"line":152,"column":8},"end":{"line":152,"column":91}},"60":{"start":{"line":158,"column":4},"end":{"line":158,"column":78}},"61":{"start":{"line":160,"column":4},"end":{"line":162,"column":5}},"62":{"start":{"line":161,"column":8},"end":{"line":161,"column":62}},"63":{"start":{"line":165,"column":4},"end":{"line":167,"column":5}},"64":{"start":{"line":166,"column":8},"end":{"line":166,"column":91}},"65":{"start":{"line":170,"column":4},"end":{"line":170,"column":80}},"66":{"start":{"line":171,"column":4},"end":{"line":171,"column":20}},"67":{"start":{"line":172,"column":4},"end":{"line":172,"column":28}},"68":{"start":{"line":174,"column":8},"end":{"line":176,"column":9}},"69":{"start":{"line":175,"column":12},"end":{"line":175,"column":105}},"70":{"start":{"line":178,"column":8},"end":{"line":180,"column":9}},"71":{"start":{"line":179,"column":12},"end":{"line":179,"column":83}},"72":{"start":{"line":185,"column":0},"end":{"line":226,"column":1}},"73":{"start":{"line":186,"column":15},"end":{"line":186,"column":28}},"74":{"start":{"line":195,"column":5},"end":{"line":197,"column":5}},"75":{"start":{"line":196,"column":8},"end":{"line":196,"column":86}},"76":{"start":{"line":201,"column":4},"end":{"line":201,"column":77}},"77":{"start":{"line":203,"column":4},"end":{"line":205,"column":5}},"78":{"start":{"line":204,"column":8},"end":{"line":204,"column":62}},"79":{"start":{"line":207,"column":4},"end":{"line":209,"column":5}},"80":{"start":{"line":208,"column":8},"end":{"line":208,"column":91}},"81":{"start":{"line":212,"column":4},"end":{"line":212,"column":74}},"82":{"start":{"line":213,"column":3},"end":{"line":215,"column":5}},"83":{"start":{"line":214,"column":8},"end":{"line":214,"column":62}},"84":{"start":{"line":217,"column":4},"end":{"line":217,"column":28}},"85":{"start":{"line":218,"column":4},"end":{"line":220,"column":5}},"86":{"start":{"line":219,"column":8},"end":{"line":219,"column":105}},"87":{"start":{"line":222,"column":4},"end":{"line":224,"column":5}},"88":{"start":{"line":223,"column":8},"end":{"line":223,"column":80}}},"fnMap":{"0":{"name":"(anonymous_0)","decl":{"start":{"line":7,"column":28},"end":{"line":7,"column":29}},"loc":{"start":{"line":7,"column":46},"end":{"line":81,"column":1}},"line":7},"1":{"name":"(anonymous_1)","decl":{"start":{"line":85,"column":29},"end":{"line":85,"column":30}},"loc":{"start":{"line":85,"column":49},"end":{"line":113,"column":1}},"line":85},"2":{"name":"(anonymous_2)","decl":{"start":{"line":117,"column":28},"end":{"line":117,"column":29}},"loc":{"start":{"line":117,"column":48},"end":{"line":138,"column":1}},"line":117},"3":{"name":"(anonymous_3)","decl":{"start":{"line":142,"column":28},"end":{"line":142,"column":29}},"loc":{"start":{"line":142,"column":48},"end":{"line":181,"column":1}},"line":142},"4":{"name":"(anonymous_4)","decl":{"start":{"line":185,"column":27},"end":{"line":185,"column":28}},"loc":{"start":{"line":185,"column":47},"end":{"line":226,"column":1}},"line":185}},"branchMap":{"0":{"loc":{"start":{"line":11,"column":4},"end":{"line":13,"column":5}},"type":"if","locations":[{"start":{"line":11,"column":4},"end":{"line":13,"column":5}},{"start":{},"end":{}}],"line":11},"1":{"loc":{"start":{"line":15,"column":4},"end":{"line":17,"column":5}},"type":"if","locations":[{"start":{"line":15,"column":4},"end":{"line":17,"column":5}},{"start":{},"end":{}}],"line":15},"2":{"loc":{"start":{"line":19,"column":4},"end":{"line":21,"column":5}},"type":"if","locations":[{"start":{"line":19,"column":4},"end":{"line":21,"column":5}},{"start":{},"end":{}}],"line":19},"3":{"loc":{"start":{"line":24,"column":4},"end":{"line":26,"column":5}},"type":"if","locations":[{"start":{"line":24,"column":4},"end":{"line":26,"column":5}},{"start":{},"end":{}}],"line":24},"4":{"loc":{"start":{"line":28,"column":5},"end":{"line":30,"column":5}},"type":"if","locations":[{"start":{"line":28,"column":5},"end":{"line":30,"column":5}},{"start":{},"end":{}}],"line":28},"5":{"loc":{"start":{"line":32,"column":4},"end":{"line":34,"column":5}},"type":"if","locations":[{"start":{"line":32,"column":4},"end":{"line":34,"column":5}},{"start":{},"end":{}}],"line":32},"6":{"loc":{"start":{"line":36,"column":4},"end":{"line":38,"column":5}},"type":"if","locations":[{"start":{"line":36,"column":4},"end":{"line":38,"column":5}},{"start":{},"end":{}}],"line":36},"7":{"loc":{"start":{"line":47,"column":4},"end":{"line":49,"column":5}},"type":"if","locations":[{"start":{"line":47,"column":4},"end":{"line":49,"column":5}},{"start":{},"end":{}}],"line":47},"8":{"loc":{"start":{"line":50,"column":4},"end":{"line":52,"column":5}},"type":"if","locations":[{"start":{"line":50,"column":4},"end":{"line":52,"column":5}},{"start":{},"end":{}}],"line":50},"9":{"loc":{"start":{"line":68,"column":4},"end":{"line":70,"column":5}},"type":"if","locations":[{"start":{"line":68,"column":4},"end":{"line":70,"column":5}},{"start":{},"end":{}}],"line":68},"10":{"loc":{"start":{"line":72,"column":4},"end":{"line":74,"column":5}},"type":"if","locations":[{"start":{"line":72,"column":4},"end":{"line":74,"column":5}},{"start":{},"end":{}}],"line":72},"11":{"loc":{"start":{"line":76,"column":4},"end":{"line":78,"column":5}},"type":"if","locations":[{"start":{"line":76,"column":4},"end":{"line":78,"column":5}},{"start":{},"end":{}}],"line":76},"12":{"loc":{"start":{"line":92,"column":4},"end":{"line":94,"column":7}},"type":"if","locations":[{"start":{"line":92,"column":4},"end":{"line":94,"column":7}},{"start":{},"end":{}}],"line":92},"13":{"loc":{"start":{"line":102,"column":4},"end":{"line":104,"column":5}},"type":"if","locations":[{"start":{"line":102,"column":4},"end":{"line":104,"column":5}},{"start":{},"end":{}}],"line":102},"14":{"loc":{"start":{"line":106,"column":4},"end":{"line":108,"column":5}},"type":"if","locations":[{"start":{"line":106,"column":4},"end":{"line":108,"column":5}},{"start":{},"end":{}}],"line":106},"15":{"loc":{"start":{"line":110,"column":4},"end":{"line":112,"column":5}},"type":"if","locations":[{"start":{"line":110,"column":4},"end":{"line":112,"column":5}},{"start":{},"end":{}}],"line":110},"16":{"loc":{"start":{"line":127,"column":4},"end":{"line":129,"column":5}},"type":"if","locations":[{"start":{"line":127,"column":4},"end":{"line":129,"column":5}},{"start":{},"end":{}}],"line":127},"17":{"loc":{"start":{"line":131,"column":4},"end":{"line":133,"column":5}},"type":"if","locations":[{"start":{"line":131,"column":4},"end":{"line":133,"column":5}},{"start":{},"end":{}}],"line":131},"18":{"loc":{"start":{"line":135,"column":4},"end":{"line":137,"column":5}},"type":"if","locations":[{"start":{"line":135,"column":4},"end":{"line":137,"column":5}},{"start":{},"end":{}}],"line":135},"19":{"loc":{"start":{"line":147,"column":4},"end":{"line":149,"column":5}},"type":"if","locations":[{"start":{"line":147,"column":4},"end":{"line":149,"column":5}},{"start":{},"end":{}}],"line":147},"20":{"loc":{"start":{"line":151,"column":4},"end":{"line":153,"column":5}},"type":"if","locations":[{"start":{"line":151,"column":4},"end":{"line":153,"column":5}},{"start":{},"end":{}}],"line":151},"21":{"loc":{"start":{"line":160,"column":4},"end":{"line":162,"column":5}},"type":"if","locations":[{"start":{"line":160,"column":4},"end":{"line":162,"column":5}},{"start":{},"end":{}}],"line":160},"22":{"loc":{"start":{"line":165,"column":4},"end":{"line":167,"column":5}},"type":"if","locations":[{"start":{"line":165,"column":4},"end":{"line":167,"column":5}},{"start":{},"end":{}}],"line":165},"23":{"loc":{"start":{"line":174,"column":8},"end":{"line":176,"column":9}},"type":"if","locations":[{"start":{"line":174,"column":8},"end":{"line":176,"column":9}},{"start":{},"end":{}}],"line":174},"24":{"loc":{"start":{"line":178,"column":8},"end":{"line":180,"column":9}},"type":"if","locations":[{"start":{"line":178,"column":8},"end":{"line":180,"column":9}},{"start":{},"end":{}}],"line":178},"25":{"loc":{"start":{"line":195,"column":5},"end":{"line":197,"column":5}},"type":"if","locations":[{"start":{"line":195,"column":5},"end":{"line":197,"column":5}},{"start":{},"end":{}}],"line":195},"26":{"loc":{"start":{"line":203,"column":4},"end":{"line":205,"column":5}},"type":"if","locations":[{"start":{"line":203,"column":4},"end":{"line":205,"column":5}},{"start":{},"end":{}}],"line":203},"27":{"loc":{"start":{"line":207,"column":4},"end":{"line":209,"column":5}},"type":"if","locations":[{"start":{"line":207,"column":4},"end":{"line":209,"column":5}},{"start":{},"end":{}}],"line":207},"28":{"loc":{"start":{"line":213,"column":3},"end":{"line":215,"column":5}},"type":"if","locations":[{"start":{"line":213,"column":3},"end":{"line":215,"column":5}},{"start":{},"end":{}}],"line":213},"29":{"loc":{"start":{"line":218,"column":4},"end":{"line":220,"column":5}},"type":"if","locations":[{"start":{"line":218,"column":4},"end":{"line":220,"column":5}},{"start":{},"end":{}}],"line":218},"30":{"loc":{"start":{"line":222,"column":4},"end":{"line":224,"column":5}},"type":"if","locations":[{"start":{"line":222,"column":4},"end":{"line":224,"column":5}},{"start":{},"end":{}}],"line":222}},"s":{"0":2,"1":2,"2":2,"3":2,"4":2,"5":7,"6":7,"7":1,"8":6,"9":1,"10":5,"11":1,"12":4,"13":1,"14":3,"15":1,"16":2,"17":1,"18":1,"19":1,"20":0,"21":0,"22":0,"23":0,"24":0,"25":0,"26":0,"27":0,"28":0,"29":0,"30":0,"31":0,"32":0,"33":2,"34":2,"35":2,"36":1,"37":1,"38":1,"39":0,"40":1,"41":1,"42":0,"43":0,"44":2,"45":1,"46":1,"47":0,"48":1,"49":0,"50":1,"51":1,"52":2,"53":2,"54":2,"55":2,"56":2,"57":1,"58":1,"59":1,"60":0,"61":0,"62":0,"63":0,"64":0,"65":0,"66":0,"67":0,"68":0,"69":0,"70":0,"71":0,"72":2,"73":2,"74":2,"75":1,"76":1,"77":1,"78":0,"79":1,"80":1,"81":0,"82":0,"83":0,"84":0,"85":0,"86":0,"87":0,"88":0},"f":{"0":7,"1":2,"2":1,"3":2,"4":2},"b":{"0":[1,6],"1":[1,5],"2":[1,4],"3":[1,3],"4":[1,2],"5":[1,1],"6":[1,0],"7":[0,0],"8":[0,0],"9":[0,0],"10":[0,0],"11":[0,0],"12":[1,1],"13":[0,1],"14":[1,0],"15":[0,0],"16":[0,1],"17":[0,1],"18":[1,0],"19":[1,1],"20":[1,0],"21":[0,0],"22":[0,0],"23":[0,0],"24":[0,0],"25":[1,1],"26":[0,1],"27":[1,0],"28":[0,0],"29":[0,0],"30":[0,0]},"_coverageSchema":"1a1c01bbd47fc00a2c39e90264f33305004495a9","hash":"24e7381eee4a34f981f96523128fcfe8f5d66a07"}
,"E:\\courses_planning\\courses_planning\\src\\models\\company.schema.js": {"path":"E:\\courses_planning\\courses_planning\\src\\models\\company.schema.js","statementMap":{"0":{"start":{"line":1,"column":17},"end":{"line":1,"column":36}},"1":{"start":{"line":2,"column":12},"end":{"line":2,"column":35}},"2":{"start":{"line":4,"column":20},"end":{"line":41,"column":21}},"3":{"start":{"line":44,"column":0},"end":{"line":44,"column":65}}},"fnMap":{},"branchMap":{},"s":{"0":2,"1":2,"2":2,"3":2},"f":{},"b":{},"_coverageSchema":"1a1c01bbd47fc00a2c39e90264f33305004495a9","hash":"8d5613a5f41ec1a1d36e01d14934f78488704198"}
,"E:\\courses_planning\\courses_planning\\src\\models\\courses.schema.js": {"path":"E:\\courses_planning\\courses_planning\\src\\models\\courses.schema.js","statementMap":{"0":{"start":{"line":1,"column":17},"end":{"line":1,"column":36}},"1":{"start":{"line":2,"column":21},"end":{"line":23,"column":24}},"2":{"start":{"line":25,"column":0},"end":{"line":25,"column":63}}},"fnMap":{},"branchMap":{},"s":{"0":2,"1":2,"2":2},"f":{},"b":{},"_coverageSchema":"1a1c01bbd47fc00a2c39e90264f33305004495a9","hash":"db95ab8e88f9ef304723bb92ba1aa9195d1eeb19"}
,"E:\\courses_planning\\courses_planning\\src\\models\\index.js": {"path":"E:\\courses_planning\\courses_planning\\src\\models\\index.js","statementMap":{"0":{"start":{"line":1,"column":17},"end":{"line":1,"column":36}},"1":{"start":{"line":2,"column":15},"end":{"line":2,"column":45}},"2":{"start":{"line":3,"column":12},"end":{"line":3,"column":14}},"3":{"start":{"line":5,"column":0},"end":{"line":24,"column":1}},"4":{"start":{"line":6,"column":4},"end":{"line":6,"column":38}},"5":{"start":{"line":7,"column":4},"end":{"line":11,"column":7}},"6":{"start":{"line":10,"column":8},"end":{"line":10,"column":49}},"7":{"start":{"line":13,"column":13},"end":{"line":13,"column":32}},"8":{"start":{"line":15,"column":4},"end":{"line":17,"column":6}},"9":{"start":{"line":16,"column":8},"end":{"line":16,"column":57}},"10":{"start":{"line":19,"column":4},"end":{"line":21,"column":6}},"11":{"start":{"line":20,"column":8},"end":{"line":20,"column":26}},"12":{"start":{"line":23,"column":4},"end":{"line":23,"column":56}},"13":{"start":{"line":26,"column":0},"end":{"line":26,"column":23}}},"fnMap":{"0":{"name":"(anonymous_0)","decl":{"start":{"line":9,"column":13},"end":{"line":9,"column":14}},"loc":{"start":{"line":9,"column":22},"end":{"line":11,"column":5}},"line":9},"1":{"name":"(anonymous_1)","decl":{"start":{"line":15,"column":20},"end":{"line":15,"column":21}},"loc":{"start":{"line":15,"column":26},"end":{"line":17,"column":5}},"line":15},"2":{"name":"(anonymous_2)","decl":{"start":{"line":19,"column":19},"end":{"line":19,"column":20}},"loc":{"start":{"line":19,"column":30},"end":{"line":21,"column":5}},"line":19}},"branchMap":{"0":{"loc":{"start":{"line":5,"column":0},"end":{"line":24,"column":1}},"type":"if","locations":[{"start":{"line":5,"column":0},"end":{"line":24,"column":1}},{"start":{"line":22,"column":7},"end":{"line":24,"column":1}}],"line":5}},"s":{"0":2,"1":2,"2":2,"3":2,"4":2,"5":2,"6":0,"7":2,"8":2,"9":2,"10":2,"11":0,"12":0,"13":2},"f":{"0":0,"1":2,"2":0},"b":{"0":[2,0]},"_coverageSchema":"1a1c01bbd47fc00a2c39e90264f33305004495a9","hash":"2dcf580953e22e82f4937e3e3613c843f40fc727"}
,"E:\\courses_planning\\courses_planning\\src\\models\\user.schema.js": {"path":"E:\\courses_planning\\courses_planning\\src\\models\\user.schema.js","statementMap":{"0":{"start":{"line":1,"column":17},"end":{"line":1,"column":36}},"1":{"start":{"line":2,"column":12},"end":{"line":2,"column":35}},"2":{"start":{"line":3,"column":15},"end":{"line":3,"column":45}},"3":{"start":{"line":5,"column":19},"end":{"line":27,"column":24}},"4":{"start":{"line":30,"column":0},"end":{"line":32,"column":1}},"5":{"start":{"line":31,"column":4},"end":{"line":31,"column":97}},"6":{"start":{"line":35,"column":0},"end":{"line":35,"column":57}}},"fnMap":{"0":{"name":"(anonymous_0)","decl":{"start":{"line":30,"column":28},"end":{"line":30,"column":29}},"loc":{"start":{"line":30,"column":40},"end":{"line":32,"column":1}},"line":30}},"branchMap":{},"s":{"0":2,"1":2,"2":2,"3":2,"4":2,"5":1,"6":2},"f":{"0":1},"b":{},"_coverageSchema":"1a1c01bbd47fc00a2c39e90264f33305004495a9","hash":"ab6ff353e2592a46f2acb8721d1c41b55a1827d0"}
,"E:\\courses_planning\\courses_planning\\src\\router\\route.js": {"path":"E:\\courses_planning\\courses_planning\\src\\router\\route.js","statementMap":{"0":{"start":{"line":1,"column":16},"end":{"line":1,"column":34}},"1":{"start":{"line":2,"column":15},"end":{"line":2,"column":31}},"2":{"start":{"line":3,"column":12},"end":{"line":3,"column":35}},"3":{"start":{"line":4,"column":17},"end":{"line":4,"column":36}},"4":{"start":{"line":5,"column":14},"end":{"line":5,"column":30}},"5":{"start":{"line":8,"column":13},"end":{"line":8,"column":61}},"6":{"start":{"line":11,"column":24},"end":{"line":11,"column":66}},"7":{"start":{"line":12,"column":26},"end":{"line":12,"column":70}},"8":{"start":{"line":13,"column":27},"end":{"line":13,"column":72}},"9":{"start":{"line":16,"column":0},"end":{"line":16,"column":55}},"10":{"start":{"line":17,"column":0},"end":{"line":17,"column":62}},"11":{"start":{"line":18,"column":0},"end":{"line":18,"column":54}},"12":{"start":{"line":19,"column":0},"end":{"line":19,"column":58}},"13":{"start":{"line":20,"column":0},"end":{"line":20,"column":68}},"14":{"start":{"line":23,"column":0},"end":{"line":23,"column":58}},"15":{"start":{"line":24,"column":0},"end":{"line":24,"column":66}},"16":{"start":{"line":25,"column":0},"end":{"line":25,"column":57}},"17":{"start":{"line":26,"column":0},"end":{"line":26,"column":61}},"18":{"start":{"line":27,"column":0},"end":{"line":27,"column":71}},"19":{"start":{"line":30,"column":0},"end":{"line":30,"column":49}},"20":{"start":{"line":31,"column":0},"end":{"line":31,"column":57}},"21":{"start":{"line":32,"column":0},"end":{"line":32,"column":48}},"22":{"start":{"line":33,"column":0},"end":{"line":33,"column":52}},"23":{"start":{"line":34,"column":0},"end":{"line":34,"column":62}},"24":{"start":{"line":37,"column":0},"end":{"line":37,"column":24}}},"fnMap":{},"branchMap":{},"s":{"0":2,"1":2,"2":2,"3":2,"4":2,"5":2,"6":2,"7":2,"8":2,"9":2,"10":2,"11":2,"12":2,"13":2,"14":2,"15":2,"16":2,"17":2,"18":2,"19":2,"20":2,"21":2,"22":2,"23":2,"24":2},"f":{},"b":{},"_coverageSchema":"1a1c01bbd47fc00a2c39e90264f33305004495a9","hash":"5a1bde3700e7437d5188a3954059eef3e324a996"}
,"E:\\courses_planning\\courses_planning\\src\\service\\helper.js": {"path":"E:\\courses_planning\\courses_planning\\src\\service\\helper.js","statementMap":{"0":{"start":{"line":1,"column":15},"end":{"line":1,"column":37}},"1":{"start":{"line":3,"column":0},"end":{"line":8,"column":1}},"2":{"start":{"line":5,"column":5},"end":{"line":5,"column":35}},"3":{"start":{"line":6,"column":4},"end":{"line":6,"column":31}},"4":{"start":{"line":6,"column":13},"end":{"line":6,"column":31}},"5":{"start":{"line":7,"column":4},"end":{"line":7,"column":22}},"6":{"start":{"line":10,"column":0},"end":{"line":19,"column":1}},"7":{"start":{"line":12,"column":4},"end":{"line":14,"column":5}},"8":{"start":{"line":13,"column":8},"end":{"line":13,"column":25}},"9":{"start":{"line":16,"column":4},"end":{"line":16,"column":58}},"10":{"start":{"line":16,"column":37},"end":{"line":16,"column":58}},"11":{"start":{"line":18,"column":4},"end":{"line":18,"column":51}},"12":{"start":{"line":21,"column":0},"end":{"line":35,"column":1}},"13":{"start":{"line":23,"column":20},"end":{"line":23,"column":37}},"14":{"start":{"line":25,"column":4},"end":{"line":27,"column":5}},"15":{"start":{"line":26,"column":8},"end":{"line":26,"column":50}},"16":{"start":{"line":29,"column":4},"end":{"line":32,"column":5}},"17":{"start":{"line":29,"column":37},"end":{"line":29,"column":58}},"18":{"start":{"line":31,"column":8},"end":{"line":31,"column":28}},"19":{"start":{"line":34,"column":4},"end":{"line":34,"column":30}},"20":{"start":{"line":38,"column":15},"end":{"line":45,"column":3}},"21":{"start":{"line":39,"column":4},"end":{"line":44,"column":6}},"22":{"start":{"line":46,"column":2},"end":{"line":46,"column":33}},"23":{"start":{"line":49,"column":4},"end":{"line":49,"column":40}},"24":{"start":{"line":52,"column":2},"end":{"line":52,"column":35}}},"fnMap":{"0":{"name":"(anonymous_0)","decl":{"start":{"line":3,"column":20},"end":{"line":3,"column":21}},"loc":{"start":{"line":3,"column":39},"end":{"line":8,"column":1}},"line":3},"1":{"name":"(anonymous_1)","decl":{"start":{"line":10,"column":21},"end":{"line":10,"column":22}},"loc":{"start":{"line":10,"column":47},"end":{"line":19,"column":1}},"line":10},"2":{"name":"(anonymous_2)","decl":{"start":{"line":21,"column":21},"end":{"line":21,"column":22}},"loc":{"start":{"line":21,"column":48},"end":{"line":35,"column":1}},"line":21},"3":{"name":"(anonymous_3)","decl":{"start":{"line":38,"column":15},"end":{"line":38,"column":16}},"loc":{"start":{"line":38,"column":26},"end":{"line":45,"column":3}},"line":38},"4":{"name":"isEmpty","decl":{"start":{"line":48,"column":11},"end":{"line":48,"column":18}},"loc":{"start":{"line":48,"column":24},"end":{"line":50,"column":3}},"line":48}},"branchMap":{"0":{"loc":{"start":{"line":6,"column":4},"end":{"line":6,"column":31}},"type":"if","locations":[{"start":{"line":6,"column":4},"end":{"line":6,"column":31}},{"start":{},"end":{}}],"line":6},"1":{"loc":{"start":{"line":12,"column":4},"end":{"line":14,"column":5}},"type":"if","locations":[{"start":{"line":12,"column":4},"end":{"line":14,"column":5}},{"start":{},"end":{}}],"line":12},"2":{"loc":{"start":{"line":12,"column":8},"end":{"line":12,"column":67}},"type":"binary-expr","locations":[{"start":{"line":12,"column":8},"end":{"line":12,"column":30}},{"start":{"line":12,"column":34},"end":{"line":12,"column":67}}],"line":12},"3":{"loc":{"start":{"line":16,"column":4},"end":{"line":16,"column":58}},"type":"if","locations":[{"start":{"line":16,"column":4},"end":{"line":16,"column":58}},{"start":{},"end":{}}],"line":16},"4":{"loc":{"start":{"line":25,"column":4},"end":{"line":27,"column":5}},"type":"if","locations":[{"start":{"line":25,"column":4},"end":{"line":27,"column":5}},{"start":{},"end":{}}],"line":25},"5":{"loc":{"start":{"line":29,"column":4},"end":{"line":32,"column":5}},"type":"if","locations":[{"start":{"line":29,"column":4},"end":{"line":32,"column":5}},{"start":{"line":30,"column":9},"end":{"line":32,"column":5}}],"line":29},"6":{"loc":{"start":{"line":40,"column":6},"end":{"line":43,"column":20}},"type":"binary-expr","locations":[{"start":{"line":40,"column":6},"end":{"line":40,"column":34}},{"start":{"line":41,"column":6},"end":{"line":41,"column":25}},{"start":{"line":42,"column":6},"end":{"line":42,"column":18}},{"start":{"line":43,"column":6},"end":{"line":43,"column":20}}],"line":40}},"s":{"0":2,"1":2,"2":3,"3":3,"4":0,"5":3,"6":2,"7":25,"8":25,"9":25,"10":25,"11":25,"12":2,"13":1,"14":1,"15":1,"16":1,"17":1,"18":0,"19":1,"20":2,"21":97,"22":2,"23":3,"24":2},"f":{"0":3,"1":25,"2":1,"3":97,"4":3},"b":{"0":[0,3],"1":[25,0],"2":[25,25],"3":[25,0],"4":[1,0],"5":[1,0],"6":[97,94,94,78]},"_coverageSchema":"1a1c01bbd47fc00a2c39e90264f33305004495a9","hash":"220fcee5acbaa3c95fb397ee44b9864af354e029"}
}
