TN:
SF:app.js
FN:32,(anonymous_0)
FNF:1
FNH:1
FNDA:1,(anonymous_0)
DA:1,2
DA:2,2
DA:3,2
DA:4,2
DA:5,2
DA:6,2
DA:7,2
DA:8,2
DA:9,2
DA:12,2
DA:14,2
DA:15,2
DA:16,2
DA:19,2
DA:20,2
DA:21,2
DA:24,2
DA:25,2
DA:26,2
DA:27,2
DA:28,2
DA:30,2
DA:32,2
DA:33,1
DA:36,2
LF:25
LH:25
BRF:0
BRH:0
end_of_record
TN:
SF:database.js
FN:3,connectToDatabase
FN:10,closeDatabase
FNF:2
FNH:2
FNDA:2,connectToDatabase
FNDA:2,closeDatabase
DA:1,2
DA:2,2
DA:4,2
DA:11,2
DA:14,2
LF:5
LH:5
BRF:0
BRH:0
end_of_record
TN:
SF:config\config.js
FNF:0
FNH:0
DA:1,2
DA:3,2
DA:4,2
DA:5,2
DA:6,2
LF:5
LH:5
BRF:0
BRH:0
end_of_record
TN:
SF:src\controllers\company.controllers.js
FN:9,(anonymous_0)
FN:107,(anonymous_1)
FN:138,(anonymous_2)
FN:153,(anonymous_3)
FN:156,(anonymous_4)
FN:159,(anonymous_5)
FN:184,(anonymous_6)
FN:225,(anonymous_7)
FNF:8
FNH:1
FNDA:12,(anonymous_0)
FNDA:0,(anonymous_1)
FNDA:0,(anonymous_2)
FNDA:0,(anonymous_3)
FNDA:0,(anonymous_4)
FNDA:0,(anonymous_5)
FNDA:0,(anonymous_6)
FNDA:0,(anonymous_7)
DA:1,2
DA:2,2
DA:3,2
DA:4,2
DA:5,2
DA:6,2
DA:9,2
DA:23,12
DA:26,12
DA:27,2
DA:30,10
DA:31,1
DA:34,9
DA:35,1
DA:38,8
DA:39,1
DA:42,7
DA:43,1
DA:46,6
DA:47,1
DA:50,5
DA:51,1
DA:54,4
DA:55,1
DA:58,3
DA:59,1
DA:62,2
DA:63,1
DA:66,1
DA:67,1
DA:71,0
DA:88,0
DA:91,0
DA:92,0
DA:96,0
DA:97,0
DA:100,0
DA:101,0
DA:107,2
DA:108,0
DA:110,0
DA:114,0
DA:115,0
DA:122,0
DA:124,0
DA:125,0
DA:128,0
DA:129,0
DA:132,0
DA:133,0
DA:138,2
DA:144,0
DA:147,0
DA:148,0
DA:152,0
DA:154,0
DA:157,0
DA:160,0
DA:164,0
DA:168,0
DA:170,0
DA:173,0
DA:174,0
DA:177,0
DA:178,0
DA:184,2
DA:185,0
DA:187,0
DA:191,0
DA:192,0
DA:195,0
DA:196,0
DA:202,0
DA:204,0
DA:205,0
DA:208,0
DA:209,0
DA:212,0
DA:213,0
DA:214,0
DA:215,0
DA:218,0
DA:219,0
DA:225,2
DA:227,0
DA:233,0
DA:234,0
DA:238,0
DA:240,0
DA:241,0
DA:244,0
DA:245,0
DA:249,0
DA:250,0
DA:251,0
DA:254,0
DA:255,0
DA:256,0
DA:259,0
DA:260,0
LF:100
LH:34
BRDA:26,0,0,2
BRDA:26,0,1,10
BRDA:30,1,0,1
BRDA:30,1,1,9
BRDA:34,2,0,1
BRDA:34,2,1,8
BRDA:38,3,0,1
BRDA:38,3,1,7
BRDA:42,4,0,1
BRDA:42,4,1,6
BRDA:46,5,0,1
BRDA:46,5,1,5
BRDA:50,6,0,1
BRDA:50,6,1,4
BRDA:54,7,0,1
BRDA:54,7,1,3
BRDA:58,8,0,1
BRDA:58,8,1,2
BRDA:62,9,0,1
BRDA:62,9,1,1
BRDA:66,10,0,1
BRDA:66,10,1,0
BRDA:91,11,0,0
BRDA:91,11,1,0
BRDA:96,12,0,0
BRDA:96,12,1,0
BRDA:100,13,0,0
BRDA:100,13,1,0
BRDA:114,14,0,0
BRDA:114,14,1,0
BRDA:124,15,0,0
BRDA:124,15,1,0
BRDA:128,16,0,0
BRDA:128,16,1,0
BRDA:132,17,0,0
BRDA:132,17,1,0
BRDA:147,18,0,0
BRDA:147,18,1,0
BRDA:173,19,0,0
BRDA:173,19,1,0
BRDA:177,20,0,0
BRDA:177,20,1,0
BRDA:191,21,0,0
BRDA:191,21,1,0
BRDA:195,22,0,0
BRDA:195,22,1,0
BRDA:204,23,0,0
BRDA:204,23,1,0
BRDA:208,24,0,0
BRDA:208,24,1,0
BRDA:214,25,0,0
BRDA:214,25,1,0
BRDA:218,26,0,0
BRDA:218,26,1,0
BRDA:233,27,0,0
BRDA:233,27,1,0
BRDA:240,28,0,0
BRDA:240,28,1,0
BRDA:244,29,0,0
BRDA:244,29,1,0
BRDA:250,30,0,0
BRDA:250,30,1,0
BRDA:255,31,0,0
BRDA:255,31,1,0
BRDA:259,32,0,0
BRDA:259,32,1,0
BRF:66
BRH:21
end_of_record
TN:
SF:src\controllers\course.controllers.js
FN:6,(anonymous_0)
FN:44,(anonymous_1)
FN:75,(anonymous_2)
FN:98,(anonymous_3)
FN:139,(anonymous_4)
FNF:5
FNH:0
FNDA:0,(anonymous_0)
FNDA:0,(anonymous_1)
FNDA:0,(anonymous_2)
FNDA:0,(anonymous_3)
FNDA:0,(anonymous_4)
DA:1,2
DA:2,2
DA:3,2
DA:4,2
DA:5,2
DA:6,2
DA:7,0
DA:8,0
DA:11,0
DA:20,0
DA:24,0
DA:27,0
DA:28,0
DA:31,0
DA:32,0
DA:35,0
DA:36,0
DA:44,2
DA:45,0
DA:47,0
DA:51,0
DA:52,0
DA:58,0
DA:60,0
DA:61,0
DA:65,0
DA:66,0
DA:69,0
DA:70,0
DA:75,2
DA:81,0
DA:83,0
DA:84,0
DA:87,0
DA:88,0
DA:91,0
DA:92,0
DA:98,2
DA:99,0
DA:101,0
DA:105,0
DA:106,0
DA:109,0
DA:110,0
DA:116,0
DA:118,0
DA:119,0
DA:122,0
DA:123,0
DA:126,0
DA:127,0
DA:128,0
DA:129,0
DA:132,0
DA:133,0
DA:139,2
DA:140,0
DA:147,0
DA:148,0
DA:152,0
DA:154,0
DA:155,0
DA:158,0
DA:159,0
DA:163,0
DA:164,0
DA:165,0
DA:168,0
DA:169,0
DA:170,0
DA:173,0
DA:174,0
LF:72
LH:10
BRDA:27,0,0,0
BRDA:27,0,1,0
BRDA:31,1,0,0
BRDA:31,1,1,0
BRDA:35,2,0,0
BRDA:35,2,1,0
BRDA:51,3,0,0
BRDA:51,3,1,0
BRDA:60,4,0,0
BRDA:60,4,1,0
BRDA:65,5,0,0
BRDA:65,5,1,0
BRDA:69,6,0,0
BRDA:69,6,1,0
BRDA:83,7,0,0
BRDA:83,7,1,0
BRDA:87,8,0,0
BRDA:87,8,1,0
BRDA:91,9,0,0
BRDA:91,9,1,0
BRDA:105,10,0,0
BRDA:105,10,1,0
BRDA:109,11,0,0
BRDA:109,11,1,0
BRDA:118,12,0,0
BRDA:118,12,1,0
BRDA:122,13,0,0
BRDA:122,13,1,0
BRDA:128,14,0,0
BRDA:128,14,1,0
BRDA:132,15,0,0
BRDA:132,15,1,0
BRDA:147,16,0,0
BRDA:147,16,1,0
BRDA:154,17,0,0
BRDA:154,17,1,0
BRDA:158,18,0,0
BRDA:158,18,1,0
BRDA:164,19,0,0
BRDA:164,19,1,0
BRDA:169,20,0,0
BRDA:169,20,1,0
BRDA:173,21,0,0
BRDA:173,21,1,0
BRF:44
BRH:0
end_of_record
TN:
SF:src\controllers\user.controllers.js
FN:7,(anonymous_0)
FN:85,(anonymous_1)
FN:117,(anonymous_2)
FN:142,(anonymous_3)
FN:185,(anonymous_4)
FNF:5
FNH:5
FNDA:7,(anonymous_0)
FNDA:2,(anonymous_1)
FNDA:1,(anonymous_2)
FNDA:2,(anonymous_3)
FNDA:2,(anonymous_4)
DA:1,2
DA:2,2
DA:3,2
DA:4,2
DA:7,2
DA:8,7
DA:11,7
DA:12,1
DA:15,6
DA:16,1
DA:19,5
DA:20,1
DA:24,4
DA:25,1
DA:28,3
DA:29,1
DA:32,2
DA:33,1
DA:36,1
DA:37,1
DA:42,0
DA:47,0
DA:48,0
DA:50,0
DA:51,0
DA:54,0
DA:66,0
DA:68,0
DA:69,0
DA:72,0
DA:73,0
DA:76,0
DA:77,0
DA:85,2
DA:88,2
DA:92,2
DA:93,1
DA:100,1
DA:102,1
DA:103,0
DA:106,1
DA:107,1
DA:110,0
DA:111,0
DA:117,2
DA:125,1
DA:127,1
DA:128,0
DA:131,1
DA:132,0
DA:135,1
DA:136,1
DA:142,2
DA:143,2
DA:144,2
DA:145,2
DA:147,2
DA:148,1
DA:151,1
DA:152,1
DA:158,0
DA:160,0
DA:161,0
DA:165,0
DA:166,0
DA:170,0
DA:171,0
DA:172,0
DA:174,0
DA:175,0
DA:178,0
DA:179,0
DA:185,2
DA:186,2
DA:195,2
DA:196,1
DA:201,1
DA:203,1
DA:204,0
DA:207,1
DA:208,1
DA:212,0
DA:213,0
DA:214,0
DA:217,0
DA:218,0
DA:219,0
DA:222,0
DA:223,0
LF:89
LH:50
BRDA:11,0,0,1
BRDA:11,0,1,6
BRDA:15,1,0,1
BRDA:15,1,1,5
BRDA:19,2,0,1
BRDA:19,2,1,4
BRDA:24,3,0,1
BRDA:24,3,1,3
BRDA:28,4,0,1
BRDA:28,4,1,2
BRDA:32,5,0,1
BRDA:32,5,1,1
BRDA:36,6,0,1
BRDA:36,6,1,0
BRDA:47,7,0,0
BRDA:47,7,1,0
BRDA:50,8,0,0
BRDA:50,8,1,0
BRDA:68,9,0,0
BRDA:68,9,1,0
BRDA:72,10,0,0
BRDA:72,10,1,0
BRDA:76,11,0,0
BRDA:76,11,1,0
BRDA:92,12,0,1
BRDA:92,12,1,1
BRDA:102,13,0,0
BRDA:102,13,1,1
BRDA:106,14,0,1
BRDA:106,14,1,0
BRDA:110,15,0,0
BRDA:110,15,1,0
BRDA:127,16,0,0
BRDA:127,16,1,1
BRDA:131,17,0,0
BRDA:131,17,1,1
BRDA:135,18,0,1
BRDA:135,18,1,0
BRDA:147,19,0,1
BRDA:147,19,1,1
BRDA:151,20,0,1
BRDA:151,20,1,0
BRDA:160,21,0,0
BRDA:160,21,1,0
BRDA:165,22,0,0
BRDA:165,22,1,0
BRDA:174,23,0,0
BRDA:174,23,1,0
BRDA:178,24,0,0
BRDA:178,24,1,0
BRDA:195,25,0,1
BRDA:195,25,1,1
BRDA:203,26,0,0
BRDA:203,26,1,1
BRDA:207,27,0,1
BRDA:207,27,1,0
BRDA:213,28,0,0
BRDA:213,28,1,0
BRDA:218,29,0,0
BRDA:218,29,1,0
BRDA:222,30,0,0
BRDA:222,30,1,0
BRF:62
BRH:27
end_of_record
TN:
SF:src\models\company.schema.js
FNF:0
FNH:0
DA:1,2
DA:2,2
DA:4,2
DA:44,2
LF:4
LH:4
BRF:0
BRH:0
end_of_record
TN:
SF:src\models\courses.schema.js
FNF:0
FNH:0
DA:1,2
DA:2,2
DA:25,2
LF:3
LH:3
BRF:0
BRH:0
end_of_record
TN:
SF:src\models\index.js
FN:9,(anonymous_0)
FN:15,(anonymous_1)
FN:19,(anonymous_2)
FNF:3
FNH:1
FNDA:0,(anonymous_0)
FNDA:2,(anonymous_1)
FNDA:0,(anonymous_2)
DA:1,2
DA:2,2
DA:3,2
DA:5,2
DA:6,2
DA:7,2
DA:10,0
DA:13,2
DA:15,2
DA:16,2
DA:19,2
DA:20,0
DA:23,0
DA:26,2
LF:14
LH:11
BRDA:5,0,0,2
BRDA:5,0,1,0
BRF:2
BRH:1
end_of_record
TN:
SF:src\models\user.schema.js
FN:30,(anonymous_0)
FNF:1
FNH:1
FNDA:1,(anonymous_0)
DA:1,2
DA:2,2
DA:3,2
DA:5,2
DA:30,2
DA:31,1
DA:35,2
LF:7
LH:7
BRF:0
BRH:0
end_of_record
TN:
SF:src\router\route.js
FNF:0
FNH:0
DA:1,2
DA:2,2
DA:3,2
DA:4,2
DA:5,2
DA:8,2
DA:11,2
DA:12,2
DA:13,2
DA:16,2
DA:17,2
DA:18,2
DA:19,2
DA:20,2
DA:23,2
DA:24,2
DA:25,2
DA:26,2
DA:27,2
DA:30,2
DA:31,2
DA:32,2
DA:33,2
DA:34,2
DA:37,2
LF:25
LH:25
BRF:0
BRH:0
end_of_record
TN:
SF:src\service\helper.js
FN:3,(anonymous_0)
FN:10,(anonymous_1)
FN:21,(anonymous_2)
FN:38,(anonymous_3)
FN:48,isEmpty
FNF:5
FNH:5
FNDA:3,(anonymous_0)
FNDA:25,(anonymous_1)
FNDA:1,(anonymous_2)
FNDA:97,(anonymous_3)
FNDA:3,isEmpty
DA:1,2
DA:3,2
DA:5,3
DA:6,3
DA:7,3
DA:10,2
DA:12,25
DA:13,25
DA:16,25
DA:18,25
DA:21,2
DA:23,1
DA:25,1
DA:26,1
DA:29,1
DA:31,0
DA:34,1
DA:38,2
DA:39,97
DA:46,2
DA:49,3
DA:52,2
LF:22
LH:21
BRDA:6,0,0,0
BRDA:6,0,1,3
BRDA:12,1,0,25
BRDA:12,1,1,0
BRDA:12,2,0,25
BRDA:12,2,1,25
BRDA:16,3,0,25
BRDA:16,3,1,0
BRDA:25,4,0,1
BRDA:25,4,1,0
BRDA:29,5,0,1
BRDA:29,5,1,0
BRDA:40,6,0,97
BRDA:40,6,1,94
BRDA:40,6,2,94
BRDA:40,6,3,78
BRF:16
BRH:11
end_of_record
